# JRE version: Java(TM) SE Runtime Environment 18.9 (11.0.17+10) (build 11.0.17+10-LTS-269)
# Java VM: Java HotSpot(TM) 64-Bit Server VM 18.9 (11.0.17+10-LTS-269, mixed mode, tiered, compressed oops, g1 gc, windows-amd64)
Heap:
 garbage-first heap   total 349184K, used 23302K [0x0000000081e00000, 0x0000000100000000)
  region size 1024K, 11 young (11264K), 11 survivors (11264K)
 Metaspace       used 30322K, capacity 30933K, committed 31228K, reserved 1077248K
  class space    used 3985K, capacity 4240K, committed 4352K, reserved 1048576K
GC Heap History (10 events):
Event: 2.798 GC heap after
{Heap after GC invocations=12 (full 0):
 garbage-first heap   total 189440K, used 13857K [0x0000000081e00000, 0x0000000100000000)
  region size 1024K, 7 young (7168K), 7 survivors (7168K)
 Metaspace       used 17580K, capacity 18134K, committed 18432K, reserved 1064960K
  class space    used 1965K, capacity 2193K, committed 2304K, reserved 1048576K
}
Event: 3.012 GC heap before
{Heap before GC invocations=12 (full 0):
 garbage-first heap   total 189440K, used 120353K [0x0000000081e00000, 0x0000000100000000)
  region size 1024K, 111 young (113664K), 7 survivors (7168K)
 Metaspace       used 18551K, capacity 19170K, committed 19328K, reserved 1067008K
  class space    used 2085K, capacity 2326K, committed 2432K, reserved 1048576K
}
Event: 3.021 GC heap after
{Heap after GC invocations=13 (full 0):
 garbage-first heap   total 246784K, used 14196K [0x0000000081e00000, 0x0000000100000000)
  region size 1024K, 7 young (7168K), 7 survivors (7168K)
 Metaspace       used 18551K, capacity 19170K, committed 19328K, reserved 1067008K
  class space    used 2085K, capacity 2326K, committed 2432K, reserved 1048576K
}
Event: 3.238 GC heap before
{Heap before GC invocations=13 (full 0):
 garbage-first heap   total 246784K, used 74612K [0x0000000081e00000, 0x0000000100000000)
  region size 1024K, 67 young (68608K), 7 survivors (7168K)
 Metaspace       used 20657K, capacity 21190K, committed 21248K, reserved 1069056K
  class space    used 2354K, capacity 2552K, committed 2560K, reserved 1048576K
}
Event: 3.244 GC heap after
{Heap after GC invocations=14 (full 0):
 garbage-first heap   total 246784K, used 14852K [0x0000000081e00000, 0x0000000100000000)
  region size 1024K, 8 young (8192K), 8 survivors (8192K)
 Metaspace       used 20657K, capacity 21190K, committed 21248K, reserved 1069056K
  class space    used 2354K, capacity 2552K, committed 2560K, reserved 1048576K
}
Event: 4.563 GC heap before
{Heap before GC invocations=15 (full 0):
 garbage-first heap   total 246784K, used 153092K [0x0000000081e00000, 0x0000000100000000)
  region size 1024K, 145 young (148480K), 8 survivors (8192K)
 Metaspace       used 30289K, capacity 30932K, committed 31228K, reserved 1077248K
  class space    used 3985K, capacity 4240K, committed 4352K, reserved 1048576K
}
Event: 4.578 GC heap after
{Heap after GC invocations=16 (full 0):
 garbage-first heap   total 246784K, used 20773K [0x0000000081e00000, 0x0000000100000000)
  region size 1024K, 14 young (14336K), 14 survivors (14336K)
 Metaspace       used 30289K, capacity 30932K, committed 31228K, reserved 1077248K
  class space    used 3985K, capacity 4240K, committed 4352K, reserved 1048576K
}
Event: 4.758 GC heap before
{Heap before GC invocations=16 (full 0):
 garbage-first heap   total 246784K, used 152869K [0x0000000081e00000, 0x0000000100000000)
  region size 1024K, 145 young (148480K), 14 survivors (14336K)
 Metaspace       used 30318K, capacity 30932K, committed 31228K, reserved 1077248K
  class space    used 3985K, capacity 4240K, committed 4352K, reserved 1048576K
}
Event: 4.774 GC heap after
{Heap after GC invocations=17 (full 0):
 garbage-first heap   total 246784K, used 22470K [0x0000000081e00000, 0x0000000100000000)
  region size 1024K, 11 young (11264K), 11 survivors (11264K)
 Metaspace       used 30318K, capacity 30932K, committed 31228K, reserved 1077248K
  class space    used 3985K, capacity 4240K, committed 4352K, reserved 1048576K
}
Event: 4.961 GC heap before
{Heap before GC invocations=17 (full 0):
 garbage-first heap   total 246784K, used 158662K [0x0000000081e00000, 0x0000000100000000)
  region size 1024K, 145 young (148480K), 11 survivors (11264K)
 Metaspace       used 30322K, capacity 30933K, committed 31228K, reserved 1077248K
  class space    used 3985K, capacity 4240K, committed 4352K, reserved 1048576K
}

