# JRE version: Java(TM) SE Runtime Environment 18.9 (11.0.17+10) (build 11.0.17+10-LTS-269)
# Java VM: Java HotSpot(TM) 64-Bit Server VM 18.9 (11.0.17+10-LTS-269, mixed mode, tiered, compressed oops, g1 gc, windows-amd64)
Heap:
 garbage-first heap   total 361472K, used 22813K [0x0000000081e00000, 0x0000000100000000)
  region size 1024K, 11 young (11264K), 11 survivors (11264K)
 Metaspace       used 30303K, capacity 30932K, committed 31232K, reserved 1077248K
  class space    used 3983K, capacity 4240K, committed 4352K, reserved 1048576K
GC Heap History (10 events):
Event: 2.723 GC heap after
{Heap after GC invocations=12 (full 0):
 garbage-first heap   total 189440K, used 13507K [0x0000000081e00000, 0x0000000100000000)
  region size 1024K, 7 young (7168K), 7 survivors (7168K)
 Metaspace       used 18012K, capacity 18626K, committed 18688K, reserved 1064960K
  class space    used 2017K, capacity 2247K, committed 2304K, reserved 1048576K
}
Event: 2.875 GC heap before
{Heap before GC invocations=12 (full 0):
 garbage-first heap   total 189440K, used 120003K [0x0000000081e00000, 0x0000000100000000)
  region size 1024K, 112 young (114688K), 7 survivors (7168K)
 Metaspace       used 19235K, capacity 19782K, committed 19840K, reserved 1067008K
  class space    used 2166K, capacity 2377K, committed 2432K, reserved 1048576K
}
Event: 2.884 GC heap after
{Heap after GC invocations=13 (full 0):
 garbage-first heap   total 259072K, used 13842K [0x0000000081e00000, 0x0000000100000000)
  region size 1024K, 7 young (7168K), 7 survivors (7168K)
 Metaspace       used 19235K, capacity 19782K, committed 19840K, reserved 1067008K
  class space    used 2166K, capacity 2377K, committed 2432K, reserved 1048576K
}
Event: 3.082 GC heap before
{Heap before GC invocations=13 (full 0):
 garbage-first heap   total 259072K, used 84498K [0x0000000081e00000, 0x0000000100000000)
  region size 1024K, 77 young (78848K), 7 survivors (7168K)
 Metaspace       used 20639K, capacity 21158K, committed 21248K, reserved 1069056K
  class space    used 2346K, capacity 2537K, committed 2560K, reserved 1048576K
}
Event: 3.090 GC heap after
{Heap after GC invocations=14 (full 0):
 garbage-first heap   total 259072K, used 14684K [0x0000000081e00000, 0x0000000100000000)
  region size 1024K, 8 young (8192K), 8 survivors (8192K)
 Metaspace       used 20639K, capacity 21158K, committed 21248K, reserved 1069056K
  class space    used 2346K, capacity 2537K, committed 2560K, reserved 1048576K
}
Event: 4.438 GC heap before
{Heap before GC invocations=15 (full 0):
 garbage-first heap   total 259072K, used 160092K [0x0000000081e00000, 0x0000000100000000)
  region size 1024K, 152 young (155648K), 8 survivors (8192K)
 Metaspace       used 30270K, capacity 30867K, committed 31232K, reserved 1077248K
  class space    used 3983K, capacity 4240K, committed 4352K, reserved 1048576K
}
Event: 4.450 GC heap after
{Heap after GC invocations=16 (full 0):
 garbage-first heap   total 259072K, used 20446K [0x0000000081e00000, 0x0000000100000000)
  region size 1024K, 14 young (14336K), 14 survivors (14336K)
 Metaspace       used 30270K, capacity 30867K, committed 31232K, reserved 1077248K
  class space    used 3983K, capacity 4240K, committed 4352K, reserved 1048576K
}
Event: 4.607 GC heap before
{Heap before GC invocations=16 (full 0):
 garbage-first heap   total 259072K, used 159710K [0x0000000081e00000, 0x0000000100000000)
  region size 1024K, 152 young (155648K), 14 survivors (14336K)
 Metaspace       used 30292K, capacity 30931K, committed 31232K, reserved 1077248K
  class space    used 3983K, capacity 4240K, committed 4352K, reserved 1048576K
}
Event: 4.621 GC heap after
{Heap after GC invocations=17 (full 0):
 garbage-first heap   total 259072K, used 21685K [0x0000000081e00000, 0x0000000100000000)
  region size 1024K, 11 young (11264K), 11 survivors (11264K)
 Metaspace       used 30292K, capacity 30931K, committed 31232K, reserved 1077248K
  class space    used 3983K, capacity 4240K, committed 4352K, reserved 1048576K
}
Event: 4.769 GC heap before
{Heap before GC invocations=17 (full 0):
 garbage-first heap   total 259072K, used 165045K [0x0000000081e00000, 0x0000000100000000)
  region size 1024K, 152 young (155648K), 11 survivors (11264K)
 Metaspace       used 30303K, capacity 30932K, committed 31232K, reserved 1077248K
  class space    used 3983K, capacity 4240K, committed 4352K, reserved 1048576K
}

